<?xml version="1.0" encoding="UTF-8"?>
<!-- Generated by org.testng.reporters.JUnitReportReporter -->
<testsuite skipped="0" hostname="HJNZL002173" name="com.TestCases.LoginPageTest" tests="5" failures="0" timestamp="18 Dec 2021 10:07:32 GMT" time="12.185" errors="0">
  <testcase name="Editable" time="2.003" classname="com.TestCases.LoginPageTest"/>
  <testcase name="MouseHover" time="1.911" classname="com.TestCases.LoginPageTest"/>
  <testcase name="loginTest" time="2.501" classname="com.TestCases.LoginPageTest"/>
  <testcase name="CheckPassword" time="2.492" classname="com.TestCases.LoginPageTest"/>
  <testcase name="OpenHomePage" time="3.278" classname="com.TestCases.LoginPageTest"/>
</testsuite> <!-- com.TestCases.LoginPageTest -->
