<?xml version="1.0" encoding="UTF-8"?>
<!-- Generated by org.testng.reporters.JUnitReportReporter -->
<testsuite skipped="0" hostname="HJNZL002173" name="com.TestCases.SearchPageTest" tests="4" failures="0" timestamp="18 Dec 2021 10:07:32 GMT" time="36.710" errors="0">
  <testcase name="AssertText" time="8.285" classname="com.TestCases.SearchPageTest"/>
  <testcase name="Editable" time="6.900" classname="com.TestCases.SearchPageTest"/>
  <testcase name="MouseHover" time="6.373" classname="com.TestCases.SearchPageTest"/>
  <testcase name="SearchTest" time="15.152" classname="com.TestCases.SearchPageTest"/>
</testsuite> <!-- com.TestCases.SearchPageTest -->
