<?xml version="1.0" encoding="UTF-8"?>
<!-- Generated by org.testng.reporters.JUnitReportReporter -->
<testsuite skipped="0" hostname="HJNZL002173" name="com.TestCases.GraphPageTest" tests="2" failures="0" timestamp="18 Dec 2021 10:07:32 GMT" time="21.087" errors="0">
  <testcase name="AssertText" time="11.872" classname="com.TestCases.GraphPageTest"/>
  <testcase name="clickButton" time="9.215" classname="com.TestCases.GraphPageTest"/>
</testsuite> <!-- com.TestCases.GraphPageTest -->
