<?xml version="1.0" encoding="UTF-8"?>
<!-- Generated by org.testng.reporters.JUnitReportReporter -->
<testsuite skipped="0" hostname="HJNZL002173" name="com.TestCases.HomePageTest" tests="2" failures="0" timestamp="18 Dec 2021 10:50:16 GMT" time="15.070" errors="0">
  <testcase name="MousHover" time="13.187" classname="com.TestCases.HomePageTest"/>
  <testcase name="AssertText" time="1.883" classname="com.TestCases.HomePageTest"/>
</testsuite> <!-- com.TestCases.HomePageTest -->
