<?xml version="1.0" encoding="UTF-8"?>
<!-- Generated by org.testng.reporters.JUnitReportReporter -->
<testsuite skipped="0" hostname="HJNZL002173" name="com.TestCases.GraphPageTest" tests="2" failures="0" timestamp="18 Dec 2021 11:01:38 GMT" time="21.993" errors="0">
  <testcase name="AssertText" time="13.062" classname="com.TestCases.GraphPageTest"/>
  <testcase name="clickButton" time="8.931" classname="com.TestCases.GraphPageTest"/>
</testsuite> <!-- com.TestCases.GraphPageTest -->
