<?xml version="1.0" encoding="UTF-8"?>
<!-- Generated by org.testng.reporters.JUnitReportReporter -->
<testsuite skipped="0" hostname="HJNZL002173" name="com.TestCases.DeveloperPageTest" tests="3" failures="0" timestamp="18 Dec 2021 10:50:16 GMT" time="39.493" errors="0">
  <testcase name="developerTest" time="32.506" classname="com.TestCases.DeveloperPageTest"/>
  <testcase name="MousHover" time="3.935" classname="com.TestCases.DeveloperPageTest"/>
  <testcase name="AssertText" time="3.052" classname="com.TestCases.DeveloperPageTest"/>
</testsuite> <!-- com.TestCases.DeveloperPageTest -->
