<?xml version="1.0" encoding="UTF-8"?>
<!-- Generated by org.testng.reporters.JUnitReportReporter -->
<testsuite skipped="0" hostname="HJNZL002173" name="com.TestCases.LoginPageTest" tests="5" failures="0" timestamp="18 Dec 2021 10:50:16 GMT" time="24.841" errors="0">
  <testcase name="Editable" time="14.000" classname="com.TestCases.LoginPageTest"/>
  <testcase name="MouseHover" time="1.821" classname="com.TestCases.LoginPageTest"/>
  <testcase name="loginTest" time="3.378" classname="com.TestCases.LoginPageTest"/>
  <testcase name="CheckPassword" time="2.663" classname="com.TestCases.LoginPageTest"/>
  <testcase name="OpenHomePage" time="2.979" classname="com.TestCases.LoginPageTest"/>
</testsuite> <!-- com.TestCases.LoginPageTest -->
