<?xml version="1.0" encoding="UTF-8"?>
<!-- Generated by org.testng.reporters.JUnitReportReporter -->
<testsuite skipped="0" hostname="HJNZL002173" name="com.TestCases.SearchPageTest" tests="4" failures="0" timestamp="18 Dec 2021 10:50:16 GMT" time="59.006" errors="0">
  <testcase name="AssertText" time="33.700" classname="com.TestCases.SearchPageTest"/>
  <testcase name="Editable" time="8.340" classname="com.TestCases.SearchPageTest"/>
  <testcase name="MouseHover" time="5.825" classname="com.TestCases.SearchPageTest"/>
  <testcase name="SearchTest" time="11.141" classname="com.TestCases.SearchPageTest"/>
</testsuite> <!-- com.TestCases.SearchPageTest -->
